<?xml version="1.0" encoding="UTF-8"?>
<!-- Generated by org.testng.reporters.JUnitXMLReporter -->
<testsuite hostname="PGFY819" name="Registration Test" tests="2" failures="0" timestamp="26 Jul 2018 13:06:31 GMT" time="15.688" errors="0">
  <testcase name="registrationTest" time="2.432" classname="com.tsrtc.registration.testscripts.RegistrationTest"/>
  <testcase name="registrationTest" time="2.054" classname="com.tsrtc.registration.testscripts.RegistrationTest"/>
</testsuite> <!-- Registration Test -->
