<?xml version="1.0" encoding="UTF-8"?>
<!-- Generated by org.testng.reporters.JUnitXMLReporter -->
<testsuite hostname="PGFY819" name="Default test" tests="2" failures="0" timestamp="31 Jul 2018 08:52:01 GMT" time="17.656" errors="0">
  <testcase name="registrationTest" time="2.641" classname="com.tsrtc.registration.testscripts.RegistrationTest"/>
  <testcase name="registrationTest" time="2.045" classname="com.tsrtc.registration.testscripts.RegistrationTest"/>
</testsuite> <!-- Default test -->
