<?xml version="1.0" encoding="UTF-8"?>
<!-- Generated by org.testng.reporters.JUnitXMLReporter -->
<testsuite hostname="PGFY819" ignored="0" name="Default test" tests="2" failures="0" timestamp="31 Jul 2018 09:10:31 GMT" time="19.009" errors="0">
  <testcase name="registrationTest" time="2.412" classname="com.tsrtc.registration.testscripts.RegistrationTest"/>
  <testcase name="registrationTest" time="2.328" classname="com.tsrtc.registration.testscripts.RegistrationTest"/>
</testsuite> <!-- Default test -->
