<?xml version="1.0" encoding="UTF-8"?>
<testng-results skipped="0" failed="0" ignored="0" total="2" passed="2">
  <reporter-output>
  </reporter-output>
  <suite name="Default suite" duration-ms="19009" started-at="2018-07-31T09:10:12Z" finished-at="2018-07-31T09:10:31Z">
    <groups>
    </groups>
    <test name="Default test" duration-ms="19009" started-at="2018-07-31T09:10:12Z" finished-at="2018-07-31T09:10:31Z">
      <class name="com.tsrtc.registration.testscripts.RegistrationTest">
        <test-method status="PASS" signature="beforeClass()[pri:0, instance:com.tsrtc.registration.testscripts.RegistrationTest@5702b3b1]" name="beforeClass" is-config="true" duration-ms="7763" started-at="2018-07-31T09:10:12Z" finished-at="2018-07-31T09:10:20Z">
          <reporter-output>
          </reporter-output>
        </test-method> <!-- beforeClass -->
        <test-method status="PASS" signature="registrationTest(java.util.LinkedHashMap)[pri:0, instance:com.tsrtc.registration.testscripts.RegistrationTest@5702b3b1]" name="registrationTest" duration-ms="2412" started-at="2018-07-31T09:10:21Z" data-provider="getData" finished-at="2018-07-31T09:10:23Z">
          <params>
            <param index="0">
              <value>
                <![CDATA[{address1=Medplus, address2=Main Road, city=Hyderabad, postalCode=500071, idCardNumber=H2029021, issueAuthority=Passport Team, gender=FEMALE, nationalityId=INDIAN, idCardType=PASSPORT}]]>
              </value>
            </param>
          </params>
          <reporter-output>
          </reporter-output>
        </test-method> <!-- registrationTest -->
        <test-method status="PASS" signature="registrationTest(java.util.LinkedHashMap)[pri:0, instance:com.tsrtc.registration.testscripts.RegistrationTest@5702b3b1]" name="registrationTest" duration-ms="2328" started-at="2018-07-31T09:10:23Z" data-provider="getData" finished-at="2018-07-31T09:10:25Z">
          <params>
            <param index="0">
              <value>
                <![CDATA[{address1=Gokul Plots, address2=SR Residency, city=Hyderabad, postalCode=500072, idCardNumber=H2029025, issueAuthority=Passport Team, gender=MALE, nationalityId=INDIAN, idCardType=PASSPORT}]]>
              </value>
            </param>
          </params>
          <reporter-output>
          </reporter-output>
        </test-method> <!-- registrationTest -->
        <test-method status="PASS" signature="afterClass()[pri:0, instance:com.tsrtc.registration.testscripts.RegistrationTest@5702b3b1]" name="afterClass" is-config="true" duration-ms="5724" started-at="2018-07-31T09:10:25Z" finished-at="2018-07-31T09:10:31Z">
          <reporter-output>
          </reporter-output>
        </test-method> <!-- afterClass -->
      </class> <!-- com.tsrtc.registration.testscripts.RegistrationTest -->
    </test> <!-- Default test -->
  </suite> <!-- Default suite -->
</testng-results>
